                                      1 ;--------------------------------------------------------
                                      2 ; File Created by SDCC : free open source ANSI-C Compiler
                                      3 ; Version 4.1.0 #12072 (Linux)
                                      4 ;--------------------------------------------------------
                                      5 	.module delay
                                      6 	.optsdcc -mmcs51 --model-small
                                      7 	
                                      8 ;--------------------------------------------------------
                                      9 ; Public variables in this module
                                     10 ;--------------------------------------------------------
                                     11 	.globl _CP_RL2
                                     12 	.globl _C_T2
                                     13 	.globl _TR2
                                     14 	.globl _EXEN2
                                     15 	.globl _TCLK
                                     16 	.globl _RCLK
                                     17 	.globl _EXF2
                                     18 	.globl _TF2
                                     19 	.globl _T2
                                     20 	.globl _T2EX
                                     21 	.globl _RI
                                     22 	.globl _TI
                                     23 	.globl _RB8
                                     24 	.globl _TB8
                                     25 	.globl _REN
                                     26 	.globl _SM2
                                     27 	.globl _SM1
                                     28 	.globl _SM0
                                     29 	.globl _RXD
                                     30 	.globl _TXD
                                     31 	.globl _INT0
                                     32 	.globl _INT1
                                     33 	.globl _T0
                                     34 	.globl _T1
                                     35 	.globl _WR
                                     36 	.globl _RD
                                     37 	.globl _PX0
                                     38 	.globl _PT0
                                     39 	.globl _PX1
                                     40 	.globl _PT1
                                     41 	.globl _PS
                                     42 	.globl _PT2
                                     43 	.globl _EX0
                                     44 	.globl _ET0
                                     45 	.globl _EX1
                                     46 	.globl _ET1
                                     47 	.globl _ES
                                     48 	.globl _ET2
                                     49 	.globl _EA
                                     50 	.globl _IT0
                                     51 	.globl _IE0
                                     52 	.globl _IT1
                                     53 	.globl _IE1
                                     54 	.globl _TR0
                                     55 	.globl _TF0
                                     56 	.globl _TR1
                                     57 	.globl _TF1
                                     58 	.globl _P
                                     59 	.globl _OV
                                     60 	.globl _RS0
                                     61 	.globl _RS1
                                     62 	.globl _F0
                                     63 	.globl _AC
                                     64 	.globl _CY
                                     65 	.globl _P37
                                     66 	.globl _P36
                                     67 	.globl _P35
                                     68 	.globl _P34
                                     69 	.globl _P33
                                     70 	.globl _P32
                                     71 	.globl _P31
                                     72 	.globl _P30
                                     73 	.globl _P27
                                     74 	.globl _P26
                                     75 	.globl _P25
                                     76 	.globl _P24
                                     77 	.globl _P23
                                     78 	.globl _P22
                                     79 	.globl _P21
                                     80 	.globl _P20
                                     81 	.globl _P17
                                     82 	.globl _P16
                                     83 	.globl _P15
                                     84 	.globl _P14
                                     85 	.globl _P13
                                     86 	.globl _P12
                                     87 	.globl _P11
                                     88 	.globl _P10
                                     89 	.globl _P07
                                     90 	.globl _P06
                                     91 	.globl _P05
                                     92 	.globl _P04
                                     93 	.globl _P03
                                     94 	.globl _P02
                                     95 	.globl _P01
                                     96 	.globl _P00
                                     97 	.globl _TH2
                                     98 	.globl _TL2
                                     99 	.globl _RCAP2H
                                    100 	.globl _RCAP2L
                                    101 	.globl _T2CON
                                    102 	.globl _SBUF
                                    103 	.globl _SCON
                                    104 	.globl _IP
                                    105 	.globl _IE
                                    106 	.globl _TH1
                                    107 	.globl _TH0
                                    108 	.globl _TL1
                                    109 	.globl _TL0
                                    110 	.globl _TMOD
                                    111 	.globl _TCON
                                    112 	.globl _PCON
                                    113 	.globl _DPH
                                    114 	.globl _DPL
                                    115 	.globl _SP
                                    116 	.globl _B
                                    117 	.globl _ACC
                                    118 	.globl _PSW
                                    119 	.globl _P3
                                    120 	.globl _P2
                                    121 	.globl _P1
                                    122 	.globl _P0
                                    123 	.globl _delay
                                    124 	.globl _delayMicroseconds
                                    125 ;--------------------------------------------------------
                                    126 ; special function registers
                                    127 ;--------------------------------------------------------
                                    128 	.area RSEG    (ABS,DATA)
      000000                        129 	.org 0x0000
                           000080   130 G$P0$0_0$0 == 0x0080
                           000080   131 _P0	=	0x0080
                           000090   132 G$P1$0_0$0 == 0x0090
                           000090   133 _P1	=	0x0090
                           0000A0   134 G$P2$0_0$0 == 0x00a0
                           0000A0   135 _P2	=	0x00a0
                           0000B0   136 G$P3$0_0$0 == 0x00b0
                           0000B0   137 _P3	=	0x00b0
                           0000D0   138 G$PSW$0_0$0 == 0x00d0
                           0000D0   139 _PSW	=	0x00d0
                           0000E0   140 G$ACC$0_0$0 == 0x00e0
                           0000E0   141 _ACC	=	0x00e0
                           0000F0   142 G$B$0_0$0 == 0x00f0
                           0000F0   143 _B	=	0x00f0
                           000081   144 G$SP$0_0$0 == 0x0081
                           000081   145 _SP	=	0x0081
                           000082   146 G$DPL$0_0$0 == 0x0082
                           000082   147 _DPL	=	0x0082
                           000083   148 G$DPH$0_0$0 == 0x0083
                           000083   149 _DPH	=	0x0083
                           000087   150 G$PCON$0_0$0 == 0x0087
                           000087   151 _PCON	=	0x0087
                           000088   152 G$TCON$0_0$0 == 0x0088
                           000088   153 _TCON	=	0x0088
                           000089   154 G$TMOD$0_0$0 == 0x0089
                           000089   155 _TMOD	=	0x0089
                           00008A   156 G$TL0$0_0$0 == 0x008a
                           00008A   157 _TL0	=	0x008a
                           00008B   158 G$TL1$0_0$0 == 0x008b
                           00008B   159 _TL1	=	0x008b
                           00008C   160 G$TH0$0_0$0 == 0x008c
                           00008C   161 _TH0	=	0x008c
                           00008D   162 G$TH1$0_0$0 == 0x008d
                           00008D   163 _TH1	=	0x008d
                           0000A8   164 G$IE$0_0$0 == 0x00a8
                           0000A8   165 _IE	=	0x00a8
                           0000B8   166 G$IP$0_0$0 == 0x00b8
                           0000B8   167 _IP	=	0x00b8
                           000098   168 G$SCON$0_0$0 == 0x0098
                           000098   169 _SCON	=	0x0098
                           000099   170 G$SBUF$0_0$0 == 0x0099
                           000099   171 _SBUF	=	0x0099
                           0000C8   172 G$T2CON$0_0$0 == 0x00c8
                           0000C8   173 _T2CON	=	0x00c8
                           0000CA   174 G$RCAP2L$0_0$0 == 0x00ca
                           0000CA   175 _RCAP2L	=	0x00ca
                           0000CB   176 G$RCAP2H$0_0$0 == 0x00cb
                           0000CB   177 _RCAP2H	=	0x00cb
                           0000CC   178 G$TL2$0_0$0 == 0x00cc
                           0000CC   179 _TL2	=	0x00cc
                           0000CD   180 G$TH2$0_0$0 == 0x00cd
                           0000CD   181 _TH2	=	0x00cd
                                    182 ;--------------------------------------------------------
                                    183 ; special function bits
                                    184 ;--------------------------------------------------------
                                    185 	.area RSEG    (ABS,DATA)
      000000                        186 	.org 0x0000
                           000080   187 G$P00$0_0$0 == 0x0080
                           000080   188 _P00	=	0x0080
                           000081   189 G$P01$0_0$0 == 0x0081
                           000081   190 _P01	=	0x0081
                           000082   191 G$P02$0_0$0 == 0x0082
                           000082   192 _P02	=	0x0082
                           000083   193 G$P03$0_0$0 == 0x0083
                           000083   194 _P03	=	0x0083
                           000084   195 G$P04$0_0$0 == 0x0084
                           000084   196 _P04	=	0x0084
                           000085   197 G$P05$0_0$0 == 0x0085
                           000085   198 _P05	=	0x0085
                           000086   199 G$P06$0_0$0 == 0x0086
                           000086   200 _P06	=	0x0086
                           000087   201 G$P07$0_0$0 == 0x0087
                           000087   202 _P07	=	0x0087
                           000090   203 G$P10$0_0$0 == 0x0090
                           000090   204 _P10	=	0x0090
                           000091   205 G$P11$0_0$0 == 0x0091
                           000091   206 _P11	=	0x0091
                           000092   207 G$P12$0_0$0 == 0x0092
                           000092   208 _P12	=	0x0092
                           000093   209 G$P13$0_0$0 == 0x0093
                           000093   210 _P13	=	0x0093
                           000094   211 G$P14$0_0$0 == 0x0094
                           000094   212 _P14	=	0x0094
                           000095   213 G$P15$0_0$0 == 0x0095
                           000095   214 _P15	=	0x0095
                           000096   215 G$P16$0_0$0 == 0x0096
                           000096   216 _P16	=	0x0096
                           000097   217 G$P17$0_0$0 == 0x0097
                           000097   218 _P17	=	0x0097
                           0000A0   219 G$P20$0_0$0 == 0x00a0
                           0000A0   220 _P20	=	0x00a0
                           0000A1   221 G$P21$0_0$0 == 0x00a1
                           0000A1   222 _P21	=	0x00a1
                           0000A2   223 G$P22$0_0$0 == 0x00a2
                           0000A2   224 _P22	=	0x00a2
                           0000A3   225 G$P23$0_0$0 == 0x00a3
                           0000A3   226 _P23	=	0x00a3
                           0000A4   227 G$P24$0_0$0 == 0x00a4
                           0000A4   228 _P24	=	0x00a4
                           0000A5   229 G$P25$0_0$0 == 0x00a5
                           0000A5   230 _P25	=	0x00a5
                           0000A6   231 G$P26$0_0$0 == 0x00a6
                           0000A6   232 _P26	=	0x00a6
                           0000A7   233 G$P27$0_0$0 == 0x00a7
                           0000A7   234 _P27	=	0x00a7
                           0000B0   235 G$P30$0_0$0 == 0x00b0
                           0000B0   236 _P30	=	0x00b0
                           0000B1   237 G$P31$0_0$0 == 0x00b1
                           0000B1   238 _P31	=	0x00b1
                           0000B2   239 G$P32$0_0$0 == 0x00b2
                           0000B2   240 _P32	=	0x00b2
                           0000B3   241 G$P33$0_0$0 == 0x00b3
                           0000B3   242 _P33	=	0x00b3
                           0000B4   243 G$P34$0_0$0 == 0x00b4
                           0000B4   244 _P34	=	0x00b4
                           0000B5   245 G$P35$0_0$0 == 0x00b5
                           0000B5   246 _P35	=	0x00b5
                           0000B6   247 G$P36$0_0$0 == 0x00b6
                           0000B6   248 _P36	=	0x00b6
                           0000B7   249 G$P37$0_0$0 == 0x00b7
                           0000B7   250 _P37	=	0x00b7
                           0000D7   251 G$CY$0_0$0 == 0x00d7
                           0000D7   252 _CY	=	0x00d7
                           0000D6   253 G$AC$0_0$0 == 0x00d6
                           0000D6   254 _AC	=	0x00d6
                           0000D5   255 G$F0$0_0$0 == 0x00d5
                           0000D5   256 _F0	=	0x00d5
                           0000D4   257 G$RS1$0_0$0 == 0x00d4
                           0000D4   258 _RS1	=	0x00d4
                           0000D3   259 G$RS0$0_0$0 == 0x00d3
                           0000D3   260 _RS0	=	0x00d3
                           0000D2   261 G$OV$0_0$0 == 0x00d2
                           0000D2   262 _OV	=	0x00d2
                           0000D0   263 G$P$0_0$0 == 0x00d0
                           0000D0   264 _P	=	0x00d0
                           00008F   265 G$TF1$0_0$0 == 0x008f
                           00008F   266 _TF1	=	0x008f
                           00008E   267 G$TR1$0_0$0 == 0x008e
                           00008E   268 _TR1	=	0x008e
                           00008D   269 G$TF0$0_0$0 == 0x008d
                           00008D   270 _TF0	=	0x008d
                           00008C   271 G$TR0$0_0$0 == 0x008c
                           00008C   272 _TR0	=	0x008c
                           00008B   273 G$IE1$0_0$0 == 0x008b
                           00008B   274 _IE1	=	0x008b
                           00008A   275 G$IT1$0_0$0 == 0x008a
                           00008A   276 _IT1	=	0x008a
                           000089   277 G$IE0$0_0$0 == 0x0089
                           000089   278 _IE0	=	0x0089
                           000088   279 G$IT0$0_0$0 == 0x0088
                           000088   280 _IT0	=	0x0088
                           0000AF   281 G$EA$0_0$0 == 0x00af
                           0000AF   282 _EA	=	0x00af
                           0000AD   283 G$ET2$0_0$0 == 0x00ad
                           0000AD   284 _ET2	=	0x00ad
                           0000AC   285 G$ES$0_0$0 == 0x00ac
                           0000AC   286 _ES	=	0x00ac
                           0000AB   287 G$ET1$0_0$0 == 0x00ab
                           0000AB   288 _ET1	=	0x00ab
                           0000AA   289 G$EX1$0_0$0 == 0x00aa
                           0000AA   290 _EX1	=	0x00aa
                           0000A9   291 G$ET0$0_0$0 == 0x00a9
                           0000A9   292 _ET0	=	0x00a9
                           0000A8   293 G$EX0$0_0$0 == 0x00a8
                           0000A8   294 _EX0	=	0x00a8
                           0000BD   295 G$PT2$0_0$0 == 0x00bd
                           0000BD   296 _PT2	=	0x00bd
                           0000BC   297 G$PS$0_0$0 == 0x00bc
                           0000BC   298 _PS	=	0x00bc
                           0000BB   299 G$PT1$0_0$0 == 0x00bb
                           0000BB   300 _PT1	=	0x00bb
                           0000BA   301 G$PX1$0_0$0 == 0x00ba
                           0000BA   302 _PX1	=	0x00ba
                           0000B9   303 G$PT0$0_0$0 == 0x00b9
                           0000B9   304 _PT0	=	0x00b9
                           0000B8   305 G$PX0$0_0$0 == 0x00b8
                           0000B8   306 _PX0	=	0x00b8
                           0000B7   307 G$RD$0_0$0 == 0x00b7
                           0000B7   308 _RD	=	0x00b7
                           0000B6   309 G$WR$0_0$0 == 0x00b6
                           0000B6   310 _WR	=	0x00b6
                           0000B5   311 G$T1$0_0$0 == 0x00b5
                           0000B5   312 _T1	=	0x00b5
                           0000B4   313 G$T0$0_0$0 == 0x00b4
                           0000B4   314 _T0	=	0x00b4
                           0000B3   315 G$INT1$0_0$0 == 0x00b3
                           0000B3   316 _INT1	=	0x00b3
                           0000B2   317 G$INT0$0_0$0 == 0x00b2
                           0000B2   318 _INT0	=	0x00b2
                           0000B1   319 G$TXD$0_0$0 == 0x00b1
                           0000B1   320 _TXD	=	0x00b1
                           0000B0   321 G$RXD$0_0$0 == 0x00b0
                           0000B0   322 _RXD	=	0x00b0
                           00009F   323 G$SM0$0_0$0 == 0x009f
                           00009F   324 _SM0	=	0x009f
                           00009E   325 G$SM1$0_0$0 == 0x009e
                           00009E   326 _SM1	=	0x009e
                           00009D   327 G$SM2$0_0$0 == 0x009d
                           00009D   328 _SM2	=	0x009d
                           00009C   329 G$REN$0_0$0 == 0x009c
                           00009C   330 _REN	=	0x009c
                           00009B   331 G$TB8$0_0$0 == 0x009b
                           00009B   332 _TB8	=	0x009b
                           00009A   333 G$RB8$0_0$0 == 0x009a
                           00009A   334 _RB8	=	0x009a
                           000099   335 G$TI$0_0$0 == 0x0099
                           000099   336 _TI	=	0x0099
                           000098   337 G$RI$0_0$0 == 0x0098
                           000098   338 _RI	=	0x0098
                           000091   339 G$T2EX$0_0$0 == 0x0091
                           000091   340 _T2EX	=	0x0091
                           000090   341 G$T2$0_0$0 == 0x0090
                           000090   342 _T2	=	0x0090
                           0000CF   343 G$TF2$0_0$0 == 0x00cf
                           0000CF   344 _TF2	=	0x00cf
                           0000CE   345 G$EXF2$0_0$0 == 0x00ce
                           0000CE   346 _EXF2	=	0x00ce
                           0000CD   347 G$RCLK$0_0$0 == 0x00cd
                           0000CD   348 _RCLK	=	0x00cd
                           0000CC   349 G$TCLK$0_0$0 == 0x00cc
                           0000CC   350 _TCLK	=	0x00cc
                           0000CB   351 G$EXEN2$0_0$0 == 0x00cb
                           0000CB   352 _EXEN2	=	0x00cb
                           0000CA   353 G$TR2$0_0$0 == 0x00ca
                           0000CA   354 _TR2	=	0x00ca
                           0000C9   355 G$C_T2$0_0$0 == 0x00c9
                           0000C9   356 _C_T2	=	0x00c9
                           0000C8   357 G$CP_RL2$0_0$0 == 0x00c8
                           0000C8   358 _CP_RL2	=	0x00c8
                                    359 ;--------------------------------------------------------
                                    360 ; overlayable register banks
                                    361 ;--------------------------------------------------------
                                    362 	.area REG_BANK_0	(REL,OVR,DATA)
      000000                        363 	.ds 8
                                    364 ;--------------------------------------------------------
                                    365 ; internal ram data
                                    366 ;--------------------------------------------------------
                                    367 	.area DSEG    (DATA)
                                    368 ;--------------------------------------------------------
                                    369 ; overlayable items in internal ram 
                                    370 ;--------------------------------------------------------
                                    371 	.area	OSEG    (OVR,DATA)
                                    372 	.area	OSEG    (OVR,DATA)
                                    373 ;--------------------------------------------------------
                                    374 ; indirectly addressable internal ram data
                                    375 ;--------------------------------------------------------
                                    376 	.area ISEG    (DATA)
                                    377 ;--------------------------------------------------------
                                    378 ; absolute internal ram data
                                    379 ;--------------------------------------------------------
                                    380 	.area IABS    (ABS,DATA)
                                    381 	.area IABS    (ABS,DATA)
                                    382 ;--------------------------------------------------------
                                    383 ; bit data
                                    384 ;--------------------------------------------------------
                                    385 	.area BSEG    (BIT)
                                    386 ;--------------------------------------------------------
                                    387 ; paged external ram data
                                    388 ;--------------------------------------------------------
                                    389 	.area PSEG    (PAG,XDATA)
                                    390 ;--------------------------------------------------------
                                    391 ; external ram data
                                    392 ;--------------------------------------------------------
                                    393 	.area XSEG    (XDATA)
                                    394 ;--------------------------------------------------------
                                    395 ; absolute external ram data
                                    396 ;--------------------------------------------------------
                                    397 	.area XABS    (ABS,XDATA)
                                    398 ;--------------------------------------------------------
                                    399 ; external initialized ram data
                                    400 ;--------------------------------------------------------
                                    401 	.area XISEG   (XDATA)
                                    402 	.area HOME    (CODE)
                                    403 	.area GSINIT0 (CODE)
                                    404 	.area GSINIT1 (CODE)
                                    405 	.area GSINIT2 (CODE)
                                    406 	.area GSINIT3 (CODE)
                                    407 	.area GSINIT4 (CODE)
                                    408 	.area GSINIT5 (CODE)
                                    409 	.area GSINIT  (CODE)
                                    410 	.area GSFINAL (CODE)
                                    411 	.area CSEG    (CODE)
                                    412 ;--------------------------------------------------------
                                    413 ; global & static initialisations
                                    414 ;--------------------------------------------------------
                                    415 	.area HOME    (CODE)
                                    416 	.area GSINIT  (CODE)
                                    417 	.area GSFINAL (CODE)
                                    418 	.area GSINIT  (CODE)
                                    419 ;--------------------------------------------------------
                                    420 ; Home
                                    421 ;--------------------------------------------------------
                                    422 	.area HOME    (CODE)
                                    423 	.area HOME    (CODE)
                                    424 ;--------------------------------------------------------
                                    425 ; code
                                    426 ;--------------------------------------------------------
                                    427 	.area CSEG    (CODE)
                                    428 ;------------------------------------------------------------
                                    429 ;Allocation info for local variables in function 'delay'
                                    430 ;------------------------------------------------------------
                                    431 ;t                         Allocated to registers 
                                    432 ;i                         Allocated to registers r6 r7 
                                    433 ;j                         Allocated to registers r4 r5 
                                    434 ;------------------------------------------------------------
                           000000   435 	G$delay$0$0 ==.
                           000000   436 	C$delay.c$4$0_0$5 ==.
                                    437 ;	./src/modules/delay.c:4: void delay(uint16_t t) {
                                    438 ;	-----------------------------------------
                                    439 ;	 function delay
                                    440 ;	-----------------------------------------
      000000                        441 _delay:
                           000007   442 	ar7 = 0x07
                           000006   443 	ar6 = 0x06
                           000005   444 	ar5 = 0x05
                           000004   445 	ar4 = 0x04
                           000003   446 	ar3 = 0x03
                           000002   447 	ar2 = 0x02
                           000001   448 	ar1 = 0x01
                           000000   449 	ar0 = 0x00
      000000 AE 82            [24]  450 	mov	r6,dpl
      000002 AF 83            [24]  451 	mov	r7,dph
                           000004   452 	C$delay.c$5$2_0$5 ==.
                                    453 ;	./src/modules/delay.c:5: for (uint16_t i = t; i > 0; i--) {
      000004                        454 00107$:
      000004 EE               [12]  455 	mov	a,r6
      000005 4F               [12]  456 	orl	a,r7
      000006 60 16            [24]  457 	jz	00109$
                           000008   458 	C$delay.c$6$2_0$5 ==.
                                    459 ;	./src/modules/delay.c:6: for (uint16_t j = 118; j > 0; j--) {
      000008 7C 76            [12]  460 	mov	r4,#0x76
      00000A 7D 00            [12]  461 	mov	r5,#0x00
      00000C                        462 00104$:
      00000C EC               [12]  463 	mov	a,r4
      00000D 4D               [12]  464 	orl	a,r5
      00000E 60 07            [24]  465 	jz	00108$
      000010 1C               [12]  466 	dec	r4
      000011 BC FF 01         [24]  467 	cjne	r4,#0xff,00135$
      000014 1D               [12]  468 	dec	r5
      000015                        469 00135$:
      000015 80 F5            [24]  470 	sjmp	00104$
      000017                        471 00108$:
                           000017   472 	C$delay.c$5$2_0$5 ==.
                                    473 ;	./src/modules/delay.c:5: for (uint16_t i = t; i > 0; i--) {
      000017 1E               [12]  474 	dec	r6
      000018 BE FF 01         [24]  475 	cjne	r6,#0xff,00136$
      00001B 1F               [12]  476 	dec	r7
      00001C                        477 00136$:
      00001C 80 E6            [24]  478 	sjmp	00107$
      00001E                        479 00109$:
                           00001E   480 	C$delay.c$10$2_0$5 ==.
                                    481 ;	./src/modules/delay.c:10: }
                           00001E   482 	C$delay.c$10$2_0$5 ==.
                           00001E   483 	XG$delay$0$0 ==.
      00001E 22               [24]  484 	ret
                                    485 ;------------------------------------------------------------
                                    486 ;Allocation info for local variables in function 'delayMicroseconds'
                                    487 ;------------------------------------------------------------
                                    488 ;t                         Allocated to registers 
                                    489 ;------------------------------------------------------------
                           00001F   490 	G$delayMicroseconds$0$0 ==.
                           00001F   491 	C$delay.c$13$2_0$10 ==.
                                    492 ;	./src/modules/delay.c:13: void delayMicroseconds(uint16_t t) {
                                    493 ;	-----------------------------------------
                                    494 ;	 function delayMicroseconds
                                    495 ;	-----------------------------------------
      00001F                        496 _delayMicroseconds:
      00001F AE 82            [24]  497 	mov	r6,dpl
      000021 AF 83            [24]  498 	mov	r7,dph
                           000023   499 	C$delay.c$15$1_0$10 ==.
                                    500 ;	./src/modules/delay.c:15: while (t--) {
      000023                        501 00101$:
      000023 8E 04            [24]  502 	mov	ar4,r6
      000025 8F 05            [24]  503 	mov	ar5,r7
      000027 1E               [12]  504 	dec	r6
      000028 BE FF 01         [24]  505 	cjne	r6,#0xff,00111$
      00002B 1F               [12]  506 	dec	r7
      00002C                        507 00111$:
      00002C EC               [12]  508 	mov	a,r4
      00002D 4D               [12]  509 	orl	a,r5
      00002E 70 F3            [24]  510 	jnz	00101$
                           000030   511 	C$delay.c$18$1_0$10 ==.
                                    512 ;	./src/modules/delay.c:18: }
                           000030   513 	C$delay.c$18$1_0$10 ==.
                           000030   514 	XG$delayMicroseconds$0$0 ==.
      000030 22               [24]  515 	ret
                                    516 	.area CSEG    (CODE)
                                    517 	.area CONST   (CODE)
                                    518 	.area XINIT   (CODE)
                                    519 	.area CABS    (ABS,CODE)
