                                      1 ;--------------------------------------------------------
                                      2 ; File Created by SDCC : free open source ANSI-C Compiler
                                      3 ; Version 4.1.0 #12072 (Linux)
                                      4 ;--------------------------------------------------------
                                      5 	.module wire
                                      6 	.optsdcc -mmcs51 --model-small
                                      7 	
                                      8 ;--------------------------------------------------------
                                      9 ; Public variables in this module
                                     10 ;--------------------------------------------------------
                                     11 	.globl _CP_RL2
                                     12 	.globl _C_T2
                                     13 	.globl _TR2
                                     14 	.globl _EXEN2
                                     15 	.globl _TCLK
                                     16 	.globl _RCLK
                                     17 	.globl _EXF2
                                     18 	.globl _TF2
                                     19 	.globl _T2
                                     20 	.globl _T2EX
                                     21 	.globl _RI
                                     22 	.globl _TI
                                     23 	.globl _RB8
                                     24 	.globl _TB8
                                     25 	.globl _REN
                                     26 	.globl _SM2
                                     27 	.globl _SM1
                                     28 	.globl _SM0
                                     29 	.globl _RXD
                                     30 	.globl _TXD
                                     31 	.globl _INT0
                                     32 	.globl _INT1
                                     33 	.globl _T0
                                     34 	.globl _T1
                                     35 	.globl _WR
                                     36 	.globl _RD
                                     37 	.globl _PX0
                                     38 	.globl _PT0
                                     39 	.globl _PX1
                                     40 	.globl _PT1
                                     41 	.globl _PS
                                     42 	.globl _PT2
                                     43 	.globl _EX0
                                     44 	.globl _ET0
                                     45 	.globl _EX1
                                     46 	.globl _ET1
                                     47 	.globl _ES
                                     48 	.globl _ET2
                                     49 	.globl _EA
                                     50 	.globl _IT0
                                     51 	.globl _IE0
                                     52 	.globl _IT1
                                     53 	.globl _IE1
                                     54 	.globl _TR0
                                     55 	.globl _TF0
                                     56 	.globl _TR1
                                     57 	.globl _TF1
                                     58 	.globl _P
                                     59 	.globl _OV
                                     60 	.globl _RS0
                                     61 	.globl _RS1
                                     62 	.globl _F0
                                     63 	.globl _AC
                                     64 	.globl _CY
                                     65 	.globl _P37
                                     66 	.globl _P36
                                     67 	.globl _P35
                                     68 	.globl _P34
                                     69 	.globl _P33
                                     70 	.globl _P32
                                     71 	.globl _P31
                                     72 	.globl _P30
                                     73 	.globl _P27
                                     74 	.globl _P26
                                     75 	.globl _P25
                                     76 	.globl _P24
                                     77 	.globl _P23
                                     78 	.globl _P22
                                     79 	.globl _P21
                                     80 	.globl _P20
                                     81 	.globl _P17
                                     82 	.globl _P16
                                     83 	.globl _P15
                                     84 	.globl _P14
                                     85 	.globl _P13
                                     86 	.globl _P12
                                     87 	.globl _P11
                                     88 	.globl _P10
                                     89 	.globl _P07
                                     90 	.globl _P06
                                     91 	.globl _P05
                                     92 	.globl _P04
                                     93 	.globl _P03
                                     94 	.globl _P02
                                     95 	.globl _P01
                                     96 	.globl _P00
                                     97 	.globl _TH2
                                     98 	.globl _TL2
                                     99 	.globl _RCAP2H
                                    100 	.globl _RCAP2L
                                    101 	.globl _T2CON
                                    102 	.globl _SBUF
                                    103 	.globl _SCON
                                    104 	.globl _IP
                                    105 	.globl _IE
                                    106 	.globl _TH1
                                    107 	.globl _TH0
                                    108 	.globl _TL1
                                    109 	.globl _TL0
                                    110 	.globl _TMOD
                                    111 	.globl _TCON
                                    112 	.globl _PCON
                                    113 	.globl _DPH
                                    114 	.globl _DPL
                                    115 	.globl _SP
                                    116 	.globl _B
                                    117 	.globl _ACC
                                    118 	.globl _PSW
                                    119 	.globl _P3
                                    120 	.globl _P2
                                    121 	.globl _P1
                                    122 	.globl _P0
                                    123 ;--------------------------------------------------------
                                    124 ; special function registers
                                    125 ;--------------------------------------------------------
                                    126 	.area RSEG    (ABS,DATA)
      000000                        127 	.org 0x0000
                           000080   128 G$P0$0_0$0 == 0x0080
                           000080   129 _P0	=	0x0080
                           000090   130 G$P1$0_0$0 == 0x0090
                           000090   131 _P1	=	0x0090
                           0000A0   132 G$P2$0_0$0 == 0x00a0
                           0000A0   133 _P2	=	0x00a0
                           0000B0   134 G$P3$0_0$0 == 0x00b0
                           0000B0   135 _P3	=	0x00b0
                           0000D0   136 G$PSW$0_0$0 == 0x00d0
                           0000D0   137 _PSW	=	0x00d0
                           0000E0   138 G$ACC$0_0$0 == 0x00e0
                           0000E0   139 _ACC	=	0x00e0
                           0000F0   140 G$B$0_0$0 == 0x00f0
                           0000F0   141 _B	=	0x00f0
                           000081   142 G$SP$0_0$0 == 0x0081
                           000081   143 _SP	=	0x0081
                           000082   144 G$DPL$0_0$0 == 0x0082
                           000082   145 _DPL	=	0x0082
                           000083   146 G$DPH$0_0$0 == 0x0083
                           000083   147 _DPH	=	0x0083
                           000087   148 G$PCON$0_0$0 == 0x0087
                           000087   149 _PCON	=	0x0087
                           000088   150 G$TCON$0_0$0 == 0x0088
                           000088   151 _TCON	=	0x0088
                           000089   152 G$TMOD$0_0$0 == 0x0089
                           000089   153 _TMOD	=	0x0089
                           00008A   154 G$TL0$0_0$0 == 0x008a
                           00008A   155 _TL0	=	0x008a
                           00008B   156 G$TL1$0_0$0 == 0x008b
                           00008B   157 _TL1	=	0x008b
                           00008C   158 G$TH0$0_0$0 == 0x008c
                           00008C   159 _TH0	=	0x008c
                           00008D   160 G$TH1$0_0$0 == 0x008d
                           00008D   161 _TH1	=	0x008d
                           0000A8   162 G$IE$0_0$0 == 0x00a8
                           0000A8   163 _IE	=	0x00a8
                           0000B8   164 G$IP$0_0$0 == 0x00b8
                           0000B8   165 _IP	=	0x00b8
                           000098   166 G$SCON$0_0$0 == 0x0098
                           000098   167 _SCON	=	0x0098
                           000099   168 G$SBUF$0_0$0 == 0x0099
                           000099   169 _SBUF	=	0x0099
                           0000C8   170 G$T2CON$0_0$0 == 0x00c8
                           0000C8   171 _T2CON	=	0x00c8
                           0000CA   172 G$RCAP2L$0_0$0 == 0x00ca
                           0000CA   173 _RCAP2L	=	0x00ca
                           0000CB   174 G$RCAP2H$0_0$0 == 0x00cb
                           0000CB   175 _RCAP2H	=	0x00cb
                           0000CC   176 G$TL2$0_0$0 == 0x00cc
                           0000CC   177 _TL2	=	0x00cc
                           0000CD   178 G$TH2$0_0$0 == 0x00cd
                           0000CD   179 _TH2	=	0x00cd
                                    180 ;--------------------------------------------------------
                                    181 ; special function bits
                                    182 ;--------------------------------------------------------
                                    183 	.area RSEG    (ABS,DATA)
      000000                        184 	.org 0x0000
                           000080   185 G$P00$0_0$0 == 0x0080
                           000080   186 _P00	=	0x0080
                           000081   187 G$P01$0_0$0 == 0x0081
                           000081   188 _P01	=	0x0081
                           000082   189 G$P02$0_0$0 == 0x0082
                           000082   190 _P02	=	0x0082
                           000083   191 G$P03$0_0$0 == 0x0083
                           000083   192 _P03	=	0x0083
                           000084   193 G$P04$0_0$0 == 0x0084
                           000084   194 _P04	=	0x0084
                           000085   195 G$P05$0_0$0 == 0x0085
                           000085   196 _P05	=	0x0085
                           000086   197 G$P06$0_0$0 == 0x0086
                           000086   198 _P06	=	0x0086
                           000087   199 G$P07$0_0$0 == 0x0087
                           000087   200 _P07	=	0x0087
                           000090   201 G$P10$0_0$0 == 0x0090
                           000090   202 _P10	=	0x0090
                           000091   203 G$P11$0_0$0 == 0x0091
                           000091   204 _P11	=	0x0091
                           000092   205 G$P12$0_0$0 == 0x0092
                           000092   206 _P12	=	0x0092
                           000093   207 G$P13$0_0$0 == 0x0093
                           000093   208 _P13	=	0x0093
                           000094   209 G$P14$0_0$0 == 0x0094
                           000094   210 _P14	=	0x0094
                           000095   211 G$P15$0_0$0 == 0x0095
                           000095   212 _P15	=	0x0095
                           000096   213 G$P16$0_0$0 == 0x0096
                           000096   214 _P16	=	0x0096
                           000097   215 G$P17$0_0$0 == 0x0097
                           000097   216 _P17	=	0x0097
                           0000A0   217 G$P20$0_0$0 == 0x00a0
                           0000A0   218 _P20	=	0x00a0
                           0000A1   219 G$P21$0_0$0 == 0x00a1
                           0000A1   220 _P21	=	0x00a1
                           0000A2   221 G$P22$0_0$0 == 0x00a2
                           0000A2   222 _P22	=	0x00a2
                           0000A3   223 G$P23$0_0$0 == 0x00a3
                           0000A3   224 _P23	=	0x00a3
                           0000A4   225 G$P24$0_0$0 == 0x00a4
                           0000A4   226 _P24	=	0x00a4
                           0000A5   227 G$P25$0_0$0 == 0x00a5
                           0000A5   228 _P25	=	0x00a5
                           0000A6   229 G$P26$0_0$0 == 0x00a6
                           0000A6   230 _P26	=	0x00a6
                           0000A7   231 G$P27$0_0$0 == 0x00a7
                           0000A7   232 _P27	=	0x00a7
                           0000B0   233 G$P30$0_0$0 == 0x00b0
                           0000B0   234 _P30	=	0x00b0
                           0000B1   235 G$P31$0_0$0 == 0x00b1
                           0000B1   236 _P31	=	0x00b1
                           0000B2   237 G$P32$0_0$0 == 0x00b2
                           0000B2   238 _P32	=	0x00b2
                           0000B3   239 G$P33$0_0$0 == 0x00b3
                           0000B3   240 _P33	=	0x00b3
                           0000B4   241 G$P34$0_0$0 == 0x00b4
                           0000B4   242 _P34	=	0x00b4
                           0000B5   243 G$P35$0_0$0 == 0x00b5
                           0000B5   244 _P35	=	0x00b5
                           0000B6   245 G$P36$0_0$0 == 0x00b6
                           0000B6   246 _P36	=	0x00b6
                           0000B7   247 G$P37$0_0$0 == 0x00b7
                           0000B7   248 _P37	=	0x00b7
                           0000D7   249 G$CY$0_0$0 == 0x00d7
                           0000D7   250 _CY	=	0x00d7
                           0000D6   251 G$AC$0_0$0 == 0x00d6
                           0000D6   252 _AC	=	0x00d6
                           0000D5   253 G$F0$0_0$0 == 0x00d5
                           0000D5   254 _F0	=	0x00d5
                           0000D4   255 G$RS1$0_0$0 == 0x00d4
                           0000D4   256 _RS1	=	0x00d4
                           0000D3   257 G$RS0$0_0$0 == 0x00d3
                           0000D3   258 _RS0	=	0x00d3
                           0000D2   259 G$OV$0_0$0 == 0x00d2
                           0000D2   260 _OV	=	0x00d2
                           0000D0   261 G$P$0_0$0 == 0x00d0
                           0000D0   262 _P	=	0x00d0
                           00008F   263 G$TF1$0_0$0 == 0x008f
                           00008F   264 _TF1	=	0x008f
                           00008E   265 G$TR1$0_0$0 == 0x008e
                           00008E   266 _TR1	=	0x008e
                           00008D   267 G$TF0$0_0$0 == 0x008d
                           00008D   268 _TF0	=	0x008d
                           00008C   269 G$TR0$0_0$0 == 0x008c
                           00008C   270 _TR0	=	0x008c
                           00008B   271 G$IE1$0_0$0 == 0x008b
                           00008B   272 _IE1	=	0x008b
                           00008A   273 G$IT1$0_0$0 == 0x008a
                           00008A   274 _IT1	=	0x008a
                           000089   275 G$IE0$0_0$0 == 0x0089
                           000089   276 _IE0	=	0x0089
                           000088   277 G$IT0$0_0$0 == 0x0088
                           000088   278 _IT0	=	0x0088
                           0000AF   279 G$EA$0_0$0 == 0x00af
                           0000AF   280 _EA	=	0x00af
                           0000AD   281 G$ET2$0_0$0 == 0x00ad
                           0000AD   282 _ET2	=	0x00ad
                           0000AC   283 G$ES$0_0$0 == 0x00ac
                           0000AC   284 _ES	=	0x00ac
                           0000AB   285 G$ET1$0_0$0 == 0x00ab
                           0000AB   286 _ET1	=	0x00ab
                           0000AA   287 G$EX1$0_0$0 == 0x00aa
                           0000AA   288 _EX1	=	0x00aa
                           0000A9   289 G$ET0$0_0$0 == 0x00a9
                           0000A9   290 _ET0	=	0x00a9
                           0000A8   291 G$EX0$0_0$0 == 0x00a8
                           0000A8   292 _EX0	=	0x00a8
                           0000BD   293 G$PT2$0_0$0 == 0x00bd
                           0000BD   294 _PT2	=	0x00bd
                           0000BC   295 G$PS$0_0$0 == 0x00bc
                           0000BC   296 _PS	=	0x00bc
                           0000BB   297 G$PT1$0_0$0 == 0x00bb
                           0000BB   298 _PT1	=	0x00bb
                           0000BA   299 G$PX1$0_0$0 == 0x00ba
                           0000BA   300 _PX1	=	0x00ba
                           0000B9   301 G$PT0$0_0$0 == 0x00b9
                           0000B9   302 _PT0	=	0x00b9
                           0000B8   303 G$PX0$0_0$0 == 0x00b8
                           0000B8   304 _PX0	=	0x00b8
                           0000B7   305 G$RD$0_0$0 == 0x00b7
                           0000B7   306 _RD	=	0x00b7
                           0000B6   307 G$WR$0_0$0 == 0x00b6
                           0000B6   308 _WR	=	0x00b6
                           0000B5   309 G$T1$0_0$0 == 0x00b5
                           0000B5   310 _T1	=	0x00b5
                           0000B4   311 G$T0$0_0$0 == 0x00b4
                           0000B4   312 _T0	=	0x00b4
                           0000B3   313 G$INT1$0_0$0 == 0x00b3
                           0000B3   314 _INT1	=	0x00b3
                           0000B2   315 G$INT0$0_0$0 == 0x00b2
                           0000B2   316 _INT0	=	0x00b2
                           0000B1   317 G$TXD$0_0$0 == 0x00b1
                           0000B1   318 _TXD	=	0x00b1
                           0000B0   319 G$RXD$0_0$0 == 0x00b0
                           0000B0   320 _RXD	=	0x00b0
                           00009F   321 G$SM0$0_0$0 == 0x009f
                           00009F   322 _SM0	=	0x009f
                           00009E   323 G$SM1$0_0$0 == 0x009e
                           00009E   324 _SM1	=	0x009e
                           00009D   325 G$SM2$0_0$0 == 0x009d
                           00009D   326 _SM2	=	0x009d
                           00009C   327 G$REN$0_0$0 == 0x009c
                           00009C   328 _REN	=	0x009c
                           00009B   329 G$TB8$0_0$0 == 0x009b
                           00009B   330 _TB8	=	0x009b
                           00009A   331 G$RB8$0_0$0 == 0x009a
                           00009A   332 _RB8	=	0x009a
                           000099   333 G$TI$0_0$0 == 0x0099
                           000099   334 _TI	=	0x0099
                           000098   335 G$RI$0_0$0 == 0x0098
                           000098   336 _RI	=	0x0098
                           000091   337 G$T2EX$0_0$0 == 0x0091
                           000091   338 _T2EX	=	0x0091
                           000090   339 G$T2$0_0$0 == 0x0090
                           000090   340 _T2	=	0x0090
                           0000CF   341 G$TF2$0_0$0 == 0x00cf
                           0000CF   342 _TF2	=	0x00cf
                           0000CE   343 G$EXF2$0_0$0 == 0x00ce
                           0000CE   344 _EXF2	=	0x00ce
                           0000CD   345 G$RCLK$0_0$0 == 0x00cd
                           0000CD   346 _RCLK	=	0x00cd
                           0000CC   347 G$TCLK$0_0$0 == 0x00cc
                           0000CC   348 _TCLK	=	0x00cc
                           0000CB   349 G$EXEN2$0_0$0 == 0x00cb
                           0000CB   350 _EXEN2	=	0x00cb
                           0000CA   351 G$TR2$0_0$0 == 0x00ca
                           0000CA   352 _TR2	=	0x00ca
                           0000C9   353 G$C_T2$0_0$0 == 0x00c9
                           0000C9   354 _C_T2	=	0x00c9
                           0000C8   355 G$CP_RL2$0_0$0 == 0x00c8
                           0000C8   356 _CP_RL2	=	0x00c8
                                    357 ;--------------------------------------------------------
                                    358 ; overlayable register banks
                                    359 ;--------------------------------------------------------
                                    360 	.area REG_BANK_0	(REL,OVR,DATA)
      000000                        361 	.ds 8
                                    362 ;--------------------------------------------------------
                                    363 ; internal ram data
                                    364 ;--------------------------------------------------------
                                    365 	.area DSEG    (DATA)
                                    366 ;--------------------------------------------------------
                                    367 ; overlayable items in internal ram 
                                    368 ;--------------------------------------------------------
                                    369 ;--------------------------------------------------------
                                    370 ; indirectly addressable internal ram data
                                    371 ;--------------------------------------------------------
                                    372 	.area ISEG    (DATA)
                                    373 ;--------------------------------------------------------
                                    374 ; absolute internal ram data
                                    375 ;--------------------------------------------------------
                                    376 	.area IABS    (ABS,DATA)
                                    377 	.area IABS    (ABS,DATA)
                                    378 ;--------------------------------------------------------
                                    379 ; bit data
                                    380 ;--------------------------------------------------------
                                    381 	.area BSEG    (BIT)
                                    382 ;--------------------------------------------------------
                                    383 ; paged external ram data
                                    384 ;--------------------------------------------------------
                                    385 	.area PSEG    (PAG,XDATA)
                                    386 ;--------------------------------------------------------
                                    387 ; external ram data
                                    388 ;--------------------------------------------------------
                                    389 	.area XSEG    (XDATA)
                                    390 ;--------------------------------------------------------
                                    391 ; absolute external ram data
                                    392 ;--------------------------------------------------------
                                    393 	.area XABS    (ABS,XDATA)
                                    394 ;--------------------------------------------------------
                                    395 ; external initialized ram data
                                    396 ;--------------------------------------------------------
                                    397 	.area XISEG   (XDATA)
                                    398 	.area HOME    (CODE)
                                    399 	.area GSINIT0 (CODE)
                                    400 	.area GSINIT1 (CODE)
                                    401 	.area GSINIT2 (CODE)
                                    402 	.area GSINIT3 (CODE)
                                    403 	.area GSINIT4 (CODE)
                                    404 	.area GSINIT5 (CODE)
                                    405 	.area GSINIT  (CODE)
                                    406 	.area GSFINAL (CODE)
                                    407 	.area CSEG    (CODE)
                                    408 ;--------------------------------------------------------
                                    409 ; global & static initialisations
                                    410 ;--------------------------------------------------------
                                    411 	.area HOME    (CODE)
                                    412 	.area GSINIT  (CODE)
                                    413 	.area GSFINAL (CODE)
                                    414 	.area GSINIT  (CODE)
                                    415 ;--------------------------------------------------------
                                    416 ; Home
                                    417 ;--------------------------------------------------------
                                    418 	.area HOME    (CODE)
                                    419 	.area HOME    (CODE)
                                    420 ;--------------------------------------------------------
                                    421 ; code
                                    422 ;--------------------------------------------------------
                                    423 	.area CSEG    (CODE)
                                    424 	.area CSEG    (CODE)
                                    425 	.area CONST   (CODE)
                                    426 	.area XINIT   (CODE)
                                    427 	.area CABS    (ABS,CODE)
