[2023-07-27 00:08:29]	link failed !, exit code: 1
   at unify_builder.Program.Main(String[] args_)
---

?ASlink-Warning-Undefined Global '___slonglong2fs' referenced by module 'main'


[2023-07-27 00:08:44]	[done]
	build successfully !

[2023-07-27 00:10:27]	compilation failed at : "/home/yuki/Devel/boards/51duino/src/main.c", exit code: 1
command: 
  "/home/yuki/.platformio/packages/toolchain-sdcc/bin/sdcc" -c --std-sdcc99 -Isrc -Isrc/modules/tuner -Isrc/modules/temp -Isrc/modules/rtc -Isrc/modules/oled -Isrc/modules/lcd -Isrc/modules/adc -Isrc/framework -Iinc -Iinc/modules/tuner -Iinc/modules/temp -Iinc/modules/rtc -Iinc/modules/oled -Iinc/modules/lcd -Iinc/modules/adc -Iinc/framework -mmcs51 --opt-code-size --debug --iram-size 256 --xram-size 0 --code-size 8192 -MMD -o ./build/Debug/src/main.rel ./src/main.c
   at unify_builder.Program.Main(String[] args_)
---
./src/main.c:60: error 102: too few parameters

[2023-07-27 00:10:36]	[done]
	build successfully !

[2023-07-27 00:10:52]	[done]
	build successfully !

[2023-07-27 00:11:05]	[done]
	build successfully !

[2023-07-27 00:11:11]	[done]
	build successfully !

[2023-07-27 00:12:40]	[done]
	build successfully !

[2023-07-27 00:13:26]	[done]
	build successfully !

[2023-07-27 00:13:31]	[done]
	build successfully !

[2023-07-27 00:13:54]	[done]
	build successfully !

[2023-07-27 00:14:23]	[done]
	build successfully !

[2023-07-27 00:16:24]	compilation failed at : "/home/yuki/Devel/boards/51duino/src/main.c", exit code: 1
command: 
  "/home/yuki/.platformio/packages/toolchain-sdcc/bin/sdcc" -c --std-sdcc99 -Isrc -Isrc/modules/tuner -Isrc/modules/temp -Isrc/modules/rtc -Isrc/modules/oled -Isrc/modules/lcd -Isrc/modules/adc -Isrc/framework -Iinc -Iinc/modules/tuner -Iinc/modules/temp -Iinc/modules/rtc -Iinc/modules/oled -Iinc/modules/lcd -Iinc/modules/adc -Iinc/framework -mmcs51 --opt-code-size --debug --iram-size 256 --xram-size 0 --code-size 8192 -MMD -o ./build/Debug/src/main.rel ./src/main.c
   at unify_builder.Program.Main(String[] args_)
---
./src/main.c:57: warning 112: function 'ADS1115ToVoltage' implicit declaration
./src/main.c:57: error 101: too many parameters 
./src/main.c:56: warning 112: function 'ADS1115Init' implicit declaration
./src/main.c:61: warning 112: function 'ADS1115Read' implicit declaration
./src/main.c:66: warning 112: function 'ADS1115Read' implicit declaration
./src/main.c:71: warning 112: function 'ADS1115Read' implicit declaration
./src/main.c:76: warning 112: function 'ADS1115Read' implicit declaration
./src/main.c:61: error 101: too many parameters 
./src/main.c:64: error 47: indirections to different types assignment   
from type 'void'
  to type 'float data'
./src/main.c:66: error 101: too many parameters 
./src/main.c:69: error 47: indirections to different types assignment   
from type 'void'
  to type 'float data'
./src/main.c:71: error 101: too many parameters 
./src/main.c:74: error 47: indirections to different types assignment   
from type 'void'
  to type 'float data'
./src/main.c:76: error 101: too many parameters 
./src/main.c:79: error 47: indirections to different types assignment   
from type 'void'
  to type 'float data'

[2023-07-27 00:16:30]	compilation failed at : "/home/yuki/Devel/boards/51duino/src/main.c", exit code: 1
command: 
  "/home/yuki/.platformio/packages/toolchain-sdcc/bin/sdcc" -c --std-sdcc99 -Isrc -Isrc/modules/tuner -Isrc/modules/temp -Isrc/modules/rtc -Isrc/modules/oled -Isrc/modules/lcd -Isrc/modules/adc -Isrc/framework -Iinc -Iinc/modules/tuner -Iinc/modules/temp -Iinc/modules/rtc -Iinc/modules/oled -Iinc/modules/lcd -Iinc/modules/adc -Iinc/framework -mmcs51 --opt-code-size --debug --iram-size 256 --xram-size 0 --code-size 8192 -MMD -o ./build/Debug/src/main.rel ./src/main.c
   at unify_builder.Program.Main(String[] args_)
---
./src/main.c:57: error 20: Undefined identifier 'ADC_GAIN'
./src/main.c:61: error 20: Undefined identifier 'ADC_GAIN'
./src/main.c:61: error 20: Undefined identifier 'ADC_DATARATE'
./src/main.c:66: error 20: Undefined identifier 'ADC_GAIN'
./src/main.c:66: error 20: Undefined identifier 'ADC_DATARATE'
./src/main.c:71: error 20: Undefined identifier 'ADC_GAIN'
./src/main.c:71: error 20: Undefined identifier 'ADC_DATARATE'
./src/main.c:76: error 20: Undefined identifier 'ADC_GAIN'
./src/main.c:76: error 20: Undefined identifier 'ADC_DATARATE'

[2023-07-27 00:17:27]	[done]
	build successfully !

[2023-07-27 00:17:34]	[done]
	build successfully !

